0 info it worked if it ends with ok
1 verbose cli [ '/home/ubuntu/.nvm/v0.10.35/bin/node',
1 verbose cli   '/home/ubuntu/.nvm/v0.10.35/bin/npm',
1 verbose cli   'install',
1 verbose cli   'expree',
1 verbose cli   'body-parser' ]
2 info using npm@1.4.28
3 info using node@v0.10.35
4 verbose cache add [ 'expree', null ]
5 verbose cache add name=undefined spec="expree" args=["expree",null]
6 verbose parsed url { protocol: null,
6 verbose parsed url   slashes: null,
6 verbose parsed url   auth: null,
6 verbose parsed url   host: null,
6 verbose parsed url   port: null,
6 verbose parsed url   hostname: null,
6 verbose parsed url   hash: null,
6 verbose parsed url   search: null,
6 verbose parsed url   query: null,
6 verbose parsed url   pathname: 'expree',
6 verbose parsed url   path: 'expree',
6 verbose parsed url   href: 'expree' }
7 verbose cache add [ 'body-parser', null ]
8 verbose cache add name=undefined spec="body-parser" args=["body-parser",null]
9 verbose parsed url { protocol: null,
9 verbose parsed url   slashes: null,
9 verbose parsed url   auth: null,
9 verbose parsed url   host: null,
9 verbose parsed url   port: null,
9 verbose parsed url   hostname: null,
9 verbose parsed url   hash: null,
9 verbose parsed url   search: null,
9 verbose parsed url   query: null,
9 verbose parsed url   pathname: 'body-parser',
9 verbose parsed url   path: 'body-parser',
9 verbose parsed url   href: 'body-parser' }
10 silly lockFile 4df4e71a-expree expree
11 verbose lock expree /home/ubuntu/.npm/4df4e71a-expree.lock
12 silly lockFile 14cf125c-body-parser body-parser
13 verbose lock body-parser /home/ubuntu/.npm/14cf125c-body-parser.lock
14 silly lockFile 4df4e71a-expree expree
15 silly lockFile 4df4e71a-expree expree
16 silly lockFile 14cf125c-body-parser body-parser
17 silly lockFile 14cf125c-body-parser body-parser
18 verbose addNamed [ 'expree', '' ]
19 verbose addNamed [ null, '*' ]
20 silly lockFile fd29f0ab-expree expree@
21 verbose lock expree@ /home/ubuntu/.npm/fd29f0ab-expree.lock
22 verbose addNamed [ 'body-parser', '' ]
23 verbose addNamed [ null, '*' ]
24 silly lockFile 9f665704-body-parser body-parser@
25 verbose lock body-parser@ /home/ubuntu/.npm/9f665704-body-parser.lock
26 silly addNameRange { name: 'expree', range: '*', hasData: false }
27 silly addNameRange { name: 'body-parser', range: '*', hasData: false }
28 verbose request where is /expree
29 verbose request registry https://registry.npmjs.org/
30 verbose request id 088c25b2833e5097
31 verbose url raw /expree
32 verbose url resolving [ 'https://registry.npmjs.org/', './expree' ]
33 verbose url resolved https://registry.npmjs.org/expree
34 verbose request where is https://registry.npmjs.org/expree
35 info trying registry request attempt 1 at 17:33:49
36 http GET https://registry.npmjs.org/expree
37 verbose request where is /body-parser
38 verbose request registry https://registry.npmjs.org/
39 verbose url raw /body-parser
40 verbose url resolving [ 'https://registry.npmjs.org/', './body-parser' ]
41 verbose url resolved https://registry.npmjs.org/body-parser
42 verbose request where is https://registry.npmjs.org/body-parser
43 info trying registry request attempt 1 at 17:33:49
44 http GET https://registry.npmjs.org/body-parser
45 http 200 https://registry.npmjs.org/body-parser
46 silly registry.get cb [ 200,
46 silly registry.get   { server: 'CouchDB/1.5.0 (Erlang OTP/R16B03)',
46 silly registry.get     etag: '"5KF4RGDESH4KSNTN09ITJK125"',
46 silly registry.get     'content-type': 'application/json',
46 silly registry.get     'cache-control': 'max-age=60',
46 silly registry.get     'content-length': '108406',
46 silly registry.get     'accept-ranges': 'bytes',
46 silly registry.get     date: 'Wed, 16 Sep 2015 17:33:49 GMT',
46 silly registry.get     via: '1.1 varnish',
46 silly registry.get     age: '59',
46 silly registry.get     connection: 'keep-alive',
46 silly registry.get     'x-served-by': 'cache-ord1727-ORD',
46 silly registry.get     'x-cache': 'HIT',
46 silly registry.get     'x-cache-hits': '1',
46 silly registry.get     'x-timer': 'S1442424829.647174,VS0,VE0',
46 silly registry.get     vary: 'Accept' } ]
47 silly addNameRange number 2 { name: 'body-parser', range: '*', hasData: true }
48 silly addNameRange versions [ 'body-parser',
48 silly addNameRange   [ '1.0.0',
48 silly addNameRange     '1.0.1',
48 silly addNameRange     '1.0.2',
48 silly addNameRange     '1.1.0',
48 silly addNameRange     '1.1.1',
48 silly addNameRange     '1.1.2',
48 silly addNameRange     '1.2.0',
48 silly addNameRange     '1.2.1',
48 silly addNameRange     '1.2.2',
48 silly addNameRange     '1.3.0',
48 silly addNameRange     '1.3.1',
48 silly addNameRange     '1.4.0',
48 silly addNameRange     '1.4.1',
48 silly addNameRange     '1.4.2',
48 silly addNameRange     '1.4.3',
48 silly addNameRange     '1.5.0',
48 silly addNameRange     '1.5.1',
48 silly addNameRange     '1.5.2',
48 silly addNameRange     '1.6.0',
48 silly addNameRange     '1.6.1',
48 silly addNameRange     '1.6.2',
48 silly addNameRange     '1.6.3',
48 silly addNameRange     '1.6.4',
48 silly addNameRange     '1.6.5',
48 silly addNameRange     '1.6.6',
48 silly addNameRange     '1.6.7',
48 silly addNameRange     '1.7.0',
48 silly addNameRange     '1.8.0',
48 silly addNameRange     '1.8.1',
48 silly addNameRange     '1.8.2',
48 silly addNameRange     '1.8.3',
48 silly addNameRange     '1.8.4',
48 silly addNameRange     '1.9.0',
48 silly addNameRange     '1.9.1',
48 silly addNameRange     '1.9.2',
48 silly addNameRange     '1.9.3',
48 silly addNameRange     '1.10.0',
48 silly addNameRange     '1.10.1',
48 silly addNameRange     '1.10.2',
48 silly addNameRange     '1.11.0',
48 silly addNameRange     '1.12.0',
48 silly addNameRange     '1.12.1',
48 silly addNameRange     '1.12.2',
48 silly addNameRange     '1.12.3',
48 silly addNameRange     '1.12.4',
48 silly addNameRange     '1.13.0',
48 silly addNameRange     '1.13.1',
48 silly addNameRange     '1.13.2',
48 silly addNameRange     '1.13.3',
48 silly addNameRange     '1.14.0' ] ]
49 verbose addNamed [ 'body-parser', '1.14.0' ]
50 verbose addNamed [ '1.14.0', '1.14.0' ]
51 silly lockFile 383193fa-body-parser-1-14-0 body-parser@1.14.0
52 verbose lock body-parser@1.14.0 /home/ubuntu/.npm/383193fa-body-parser-1-14-0.lock
53 silly lockFile 9526e3c9-dy-parser-body-parser-1-14-0-tgz https://registry.npmjs.org/body-parser/-/body-parser-1.14.0.tgz
54 verbose lock https://registry.npmjs.org/body-parser/-/body-parser-1.14.0.tgz /home/ubuntu/.npm/9526e3c9-dy-parser-body-parser-1-14-0-tgz.lock
55 verbose addRemoteTarball [ 'https://registry.npmjs.org/body-parser/-/body-parser-1.14.0.tgz',
55 verbose addRemoteTarball   'a7a10138547a75bfcacc20472404630c2fa6b0ff' ]
56 info retry fetch attempt 1 at 17:33:49
57 verbose fetch to= /tmp/npm-827-teruCpNl/registry.npmjs.org/body-parser/-/body-parser-1.14.0.tgz
58 http GET https://registry.npmjs.org/body-parser/-/body-parser-1.14.0.tgz
59 http 404 https://registry.npmjs.org/expree
60 silly registry.get cb [ 404,
60 silly registry.get   { 'content-type': 'application/json',
60 silly registry.get     'cache-control': 'max-age=0',
60 silly registry.get     'content-length': '2',
60 silly registry.get     'accept-ranges': 'bytes',
60 silly registry.get     date: 'Wed, 16 Sep 2015 17:33:49 GMT',
60 silly registry.get     via: '1.1 varnish',
60 silly registry.get     age: '0',
60 silly registry.get     connection: 'keep-alive',
60 silly registry.get     'x-served-by': 'cache-iad2121-IAD',
60 silly registry.get     'x-cache': 'MISS',
60 silly registry.get     'x-cache-hits': '0',
60 silly registry.get     'x-timer': 'S1442424829.705471,VS0,VE95' } ]
61 silly lockFile fd29f0ab-expree expree@
62 silly lockFile fd29f0ab-expree expree@
63 http 200 https://registry.npmjs.org/body-parser/-/body-parser-1.14.0.tgz
64 silly lockFile 9526e3c9-dy-parser-body-parser-1-14-0-tgz https://registry.npmjs.org/body-parser/-/body-parser-1.14.0.tgz
65 silly lockFile 9526e3c9-dy-parser-body-parser-1-14-0-tgz https://registry.npmjs.org/body-parser/-/body-parser-1.14.0.tgz
66 silly lockFile 383193fa-body-parser-1-14-0 body-parser@1.14.0
67 silly lockFile 383193fa-body-parser-1-14-0 body-parser@1.14.0
68 silly lockFile 9f665704-body-parser body-parser@
69 silly lockFile 9f665704-body-parser body-parser@
70 error 404 Not Found
70 error 404
70 error 404 'expree' is not in the npm registry.
70 error 404 You should bug the author to publish it
70 error 404
70 error 404 Note that you can also install from a
70 error 404 tarball, folder, or http url, or git url.
71 error System Linux 3.14.13-c9
72 error command "/home/ubuntu/.nvm/v0.10.35/bin/node" "/home/ubuntu/.nvm/v0.10.35/bin/npm" "install" "expree" "body-parser"
73 error cwd /home/ubuntu/workspace/template
74 error node -v v0.10.35
75 error npm -v 1.4.28
76 error code E404
77 verbose exit [ 1, true ]
